<?xml version="1.0" encoding="UTF-8"?>
<!-- Generated by org.testng.reporters.JUnitReportReporter -->
<testsuite skipped="0" hostname="DESKTOP-BGR8787" name="com.GitWithJenkins.Demo.testcase01" tests="1" failures="0" timestamp="25 Apr 2018 13:22:54 GMT" time="0.018" errors="0">
  <testcase name="testAdd" time="0.018" classname="com.GitWithJenkins.Demo.testcase01"/>
</testsuite> <!-- com.GitWithJenkins.Demo.testcase01 -->
